<?xml version="1.0" encoding="UTF-8"?>
<!-- Generated by org.testng.reporters.JUnitXMLReporter -->
<testsuite ignored="0" hostname="DeshmukH" failures="0" tests="3" name="Test" time="70.126" errors="0" timestamp="2022-06-28T12:42:56 IST">
  <testcase classname="TestNGFrameWork.NewProj.HomePage" name="BasePageNaviagtion" time="0.297"/>
  <testcase classname="TestNGFrameWork.NewProj.ValidateNavigationPage" name="NavBarValidation" time="0.175"/>
  <testcase classname="TestNGFrameWork.NewProj.ValidateNavigationPage" name="Teardown" time="1.28"/>
</testsuite> <!-- Test -->
