<?xml version="1.0" encoding="UTF-8"?>
<!-- Generated by org.testng.reporters.JUnitXMLReporter -->
<testsuite ignored="0" hostname="DeshmukH" failures="0" tests="3" name="Test" time="51.631" errors="0" timestamp="2022-06-26T23:12:09 IST">
  <testcase classname="TestNGFrameWork.NewProj.HomePage" name="BasePageNaviagtion" time="0.265"/>
  <testcase classname="TestNGFrameWork.NewProj.ValidateNavigationPage" name="NavBarValidation" time="0.19"/>
  <testcase classname="TestNGFrameWork.NewProj.ValidateNavigationPage" name="Teardown" time="2.559"/>
</testsuite> <!-- Test -->
