<?xml version="1.0" encoding="UTF-8"?>
<testng-results ignored="0" total="1" passed="1" failed="0" skipped="0">
  <reporter-output>
  </reporter-output>
  <suite started-at="2022-06-19T23:33:24 IST" name="Default suite" finished-at="2022-06-19T23:34:02 IST" duration-ms="37580">
    <groups>
    </groups>
    <test started-at="2022-06-19T23:33:24 IST" name="Default test" finished-at="2022-06-19T23:34:02 IST" duration-ms="37580">
      <class name="TestNGFrameWork.NewProj.HomePage">
        <test-method signature="BasePageNaviagtion()[pri:0, instance:TestNGFrameWork.NewProj.HomePage@3e6ef8ad]" started-at="2022-06-19T23:33:24 IST" name="BasePageNaviagtion" finished-at="2022-06-19T23:34:02 IST" duration-ms="37491" status="PASS">
          <reporter-output>
          </reporter-output>
        </test-method> <!-- BasePageNaviagtion -->
      </class> <!-- TestNGFrameWork.NewProj.HomePage -->
    </test> <!-- Default test -->
  </suite> <!-- Default suite -->
</testng-results>
